2015-07-29 08:33:14,164 root         INFO     Initiating a new process (TstDataLogger,http://dadosabertos.rio.rj.gov.br/apitransporte/apresentacao/csv/brt.cfm)
2015-07-29 08:33:14,166 root         INFO     Communication Manager __init__(TstDataLogger,True)
2015-07-29 08:33:14,166 root         INFO     Initiating communications.
2015-07-29 08:33:15,262 requests.packages.urllib3.connectionpool INFO     Starting new HTTP connection (1): dadosabertos.rio.rj.gov.br
2015-07-29 08:34:15,829 requests.packages.urllib3.connectionpool INFO     Starting new HTTP connection (1): dadosabertos.rio.rj.gov.br
2015-07-29 08:35:15,941 requests.packages.urllib3.connectionpool INFO     Starting new HTTP connection (1): dadosabertos.rio.rj.gov.br
2015-07-29 08:35:59,465 root         INFO     Initiating a new process (TstDataLogger,http://dadosabertos.rio.rj.gov.br/apitransporte/apresentacao/csv/brt.cfm)
2015-07-29 08:35:59,469 root         INFO     Communication Manager __init__(TstDataLogger,True)
2015-07-29 08:35:59,469 root         INFO     Initiating communications.
2015-07-29 08:35:59,488 requests.packages.urllib3.connectionpool INFO     Starting new HTTP connection (1): dadosabertos.rio.rj.gov.br
2015-07-29 08:36:19,573 requests.packages.urllib3.connectionpool INFO     Starting new HTTP connection (1): dadosabertos.rio.rj.gov.br
2015-07-29 08:36:39,645 requests.packages.urllib3.connectionpool INFO     Starting new HTTP connection (1): dadosabertos.rio.rj.gov.br
2015-07-29 08:36:59,713 requests.packages.urllib3.connectionpool INFO     Starting new HTTP connection (1): dadosabertos.rio.rj.gov.br
2015-07-29 08:37:19,785 requests.packages.urllib3.connectionpool INFO     Starting new HTTP connection (1): dadosabertos.rio.rj.gov.br
2015-07-29 08:37:39,858 requests.packages.urllib3.connectionpool INFO     Starting new HTTP connection (1): dadosabertos.rio.rj.gov.br
2015-07-29 08:38:01,338 requests.packages.urllib3.connectionpool INFO     Starting new HTTP connection (1): dadosabertos.rio.rj.gov.br
2015-07-29 08:38:21,419 requests.packages.urllib3.connectionpool INFO     Starting new HTTP connection (1): dadosabertos.rio.rj.gov.br
2015-07-29 08:38:41,490 requests.packages.urllib3.connectionpool INFO     Starting new HTTP connection (1): dadosabertos.rio.rj.gov.br
2015-07-29 08:39:01,562 requests.packages.urllib3.connectionpool INFO     Starting new HTTP connection (1): dadosabertos.rio.rj.gov.br
2015-07-29 08:39:22,133 requests.packages.urllib3.connectionpool INFO     Starting new HTTP connection (1): dadosabertos.rio.rj.gov.br
2015-07-29 08:39:42,204 requests.packages.urllib3.connectionpool INFO     Starting new HTTP connection (1): dadosabertos.rio.rj.gov.br
2015-07-29 08:40:02,268 requests.packages.urllib3.connectionpool INFO     Starting new HTTP connection (1): dadosabertos.rio.rj.gov.br
2015-07-29 08:40:12,277 root         ERROR    URL fetching error
2015-07-29 08:40:32,305 requests.packages.urllib3.connectionpool INFO     Starting new HTTP connection (1): dadosabertos.rio.rj.gov.br
2015-07-29 08:40:52,387 requests.packages.urllib3.connectionpool INFO     Starting new HTTP connection (1): dadosabertos.rio.rj.gov.br
2015-07-29 08:41:12,446 requests.packages.urllib3.connectionpool INFO     Starting new HTTP connection (1): dadosabertos.rio.rj.gov.br
2015-07-29 08:41:32,517 requests.packages.urllib3.connectionpool INFO     Starting new HTTP connection (1): dadosabertos.rio.rj.gov.br
2015-07-29 08:41:52,600 requests.packages.urllib3.connectionpool INFO     Starting new HTTP connection (1): dadosabertos.rio.rj.gov.br
2015-07-29 08:42:12,788 requests.packages.urllib3.connectionpool INFO     Starting new HTTP connection (1): dadosabertos.rio.rj.gov.br
2015-07-29 08:42:32,860 requests.packages.urllib3.connectionpool INFO     Starting new HTTP connection (1): dadosabertos.rio.rj.gov.br
2015-07-29 08:43:51,102 requests.packages.urllib3.connectionpool INFO     Starting new HTTP connection (1): dadosabertos.rio.rj.gov.br
2015-07-29 08:44:11,568 requests.packages.urllib3.connectionpool INFO     Starting new HTTP connection (1): dadosabertos.rio.rj.gov.br
2015-07-29 08:44:31,641 requests.packages.urllib3.connectionpool INFO     Starting new HTTP connection (1): dadosabertos.rio.rj.gov.br
2015-07-29 08:44:51,720 requests.packages.urllib3.connectionpool INFO     Starting new HTTP connection (1): dadosabertos.rio.rj.gov.br
2015-07-29 08:45:11,794 requests.packages.urllib3.connectionpool INFO     Starting new HTTP connection (1): dadosabertos.rio.rj.gov.br
2015-07-29 08:45:31,881 requests.packages.urllib3.connectionpool INFO     Starting new HTTP connection (1): dadosabertos.rio.rj.gov.br
2015-07-29 08:45:51,970 requests.packages.urllib3.connectionpool INFO     Starting new HTTP connection (1): dadosabertos.rio.rj.gov.br
2015-07-29 08:46:12,045 requests.packages.urllib3.connectionpool INFO     Starting new HTTP connection (1): dadosabertos.rio.rj.gov.br
2015-07-29 08:46:32,117 requests.packages.urllib3.connectionpool INFO     Starting new HTTP connection (1): dadosabertos.rio.rj.gov.br
2015-07-29 08:46:52,250 requests.packages.urllib3.connectionpool INFO     Starting new HTTP connection (1): dadosabertos.rio.rj.gov.br
2015-07-29 08:47:12,314 requests.packages.urllib3.connectionpool INFO     Starting new HTTP connection (1): dadosabertos.rio.rj.gov.br
2015-07-29 08:47:32,383 requests.packages.urllib3.connectionpool INFO     Starting new HTTP connection (1): dadosabertos.rio.rj.gov.br
2015-07-29 08:47:52,469 requests.packages.urllib3.connectionpool INFO     Starting new HTTP connection (1): dadosabertos.rio.rj.gov.br
2015-07-29 08:48:12,534 requests.packages.urllib3.connectionpool INFO     Starting new HTTP connection (1): dadosabertos.rio.rj.gov.br
2015-07-29 08:48:32,617 requests.packages.urllib3.connectionpool INFO     Starting new HTTP connection (1): dadosabertos.rio.rj.gov.br
2015-07-29 08:48:52,702 requests.packages.urllib3.connectionpool INFO     Starting new HTTP connection (1): dadosabertos.rio.rj.gov.br
2015-07-29 08:49:12,805 requests.packages.urllib3.connectionpool INFO     Starting new HTTP connection (1): dadosabertos.rio.rj.gov.br
2015-07-29 08:49:32,879 requests.packages.urllib3.connectionpool INFO     Starting new HTTP connection (1): dadosabertos.rio.rj.gov.br
2015-07-29 08:49:52,970 requests.packages.urllib3.connectionpool INFO     Starting new HTTP connection (1): dadosabertos.rio.rj.gov.br
2015-07-29 08:50:13,040 requests.packages.urllib3.connectionpool INFO     Starting new HTTP connection (1): dadosabertos.rio.rj.gov.br
2015-07-29 08:50:33,300 requests.packages.urllib3.connectionpool INFO     Starting new HTTP connection (1): dadosabertos.rio.rj.gov.br
2015-07-29 08:50:53,377 requests.packages.urllib3.connectionpool INFO     Starting new HTTP connection (1): dadosabertos.rio.rj.gov.br
2015-07-29 08:51:13,445 requests.packages.urllib3.connectionpool INFO     Starting new HTTP connection (1): dadosabertos.rio.rj.gov.br
2015-07-29 08:51:33,530 requests.packages.urllib3.connectionpool INFO     Starting new HTTP connection (1): dadosabertos.rio.rj.gov.br
2015-07-29 08:51:53,646 requests.packages.urllib3.connectionpool INFO     Starting new HTTP connection (1): dadosabertos.rio.rj.gov.br
2015-07-29 08:52:13,720 requests.packages.urllib3.connectionpool INFO     Starting new HTTP connection (1): dadosabertos.rio.rj.gov.br
2015-07-29 08:52:33,792 requests.packages.urllib3.connectionpool INFO     Starting new HTTP connection (1): dadosabertos.rio.rj.gov.br
2015-07-29 08:52:53,879 requests.packages.urllib3.connectionpool INFO     Starting new HTTP connection (1): dadosabertos.rio.rj.gov.br
2015-07-29 08:53:13,956 requests.packages.urllib3.connectionpool INFO     Starting new HTTP connection (1): dadosabertos.rio.rj.gov.br
2015-07-29 08:53:34,026 requests.packages.urllib3.connectionpool INFO     Starting new HTTP connection (1): dadosabertos.rio.rj.gov.br
2015-07-29 08:53:54,137 requests.packages.urllib3.connectionpool INFO     Starting new HTTP connection (1): dadosabertos.rio.rj.gov.br
2015-07-29 08:54:14,206 requests.packages.urllib3.connectionpool INFO     Starting new HTTP connection (1): dadosabertos.rio.rj.gov.br
2015-07-29 08:54:34,284 requests.packages.urllib3.connectionpool INFO     Starting new HTTP connection (1): dadosabertos.rio.rj.gov.br
2015-07-29 08:54:54,367 requests.packages.urllib3.connectionpool INFO     Starting new HTTP connection (1): dadosabertos.rio.rj.gov.br
2015-07-29 08:55:14,438 requests.packages.urllib3.connectionpool INFO     Starting new HTTP connection (1): dadosabertos.rio.rj.gov.br
2015-07-29 08:55:34,509 requests.packages.urllib3.connectionpool INFO     Starting new HTTP connection (1): dadosabertos.rio.rj.gov.br
2015-07-29 08:55:54,588 requests.packages.urllib3.connectionpool INFO     Starting new HTTP connection (1): dadosabertos.rio.rj.gov.br
2015-07-29 08:56:14,666 requests.packages.urllib3.connectionpool INFO     Starting new HTTP connection (1): dadosabertos.rio.rj.gov.br
2015-07-29 08:56:34,735 requests.packages.urllib3.connectionpool INFO     Starting new HTTP connection (1): dadosabertos.rio.rj.gov.br
2015-07-29 08:56:54,823 requests.packages.urllib3.connectionpool INFO     Starting new HTTP connection (1): dadosabertos.rio.rj.gov.br
2015-07-29 08:57:14,907 requests.packages.urllib3.connectionpool INFO     Starting new HTTP connection (1): dadosabertos.rio.rj.gov.br
2015-07-29 08:57:34,976 requests.packages.urllib3.connectionpool INFO     Starting new HTTP connection (1): dadosabertos.rio.rj.gov.br
2015-07-29 08:57:55,057 requests.packages.urllib3.connectionpool INFO     Starting new HTTP connection (1): dadosabertos.rio.rj.gov.br
2015-07-29 08:58:15,125 requests.packages.urllib3.connectionpool INFO     Starting new HTTP connection (1): dadosabertos.rio.rj.gov.br
2015-07-29 08:58:35,197 requests.packages.urllib3.connectionpool INFO     Starting new HTTP connection (1): dadosabertos.rio.rj.gov.br
2015-07-29 08:58:55,276 requests.packages.urllib3.connectionpool INFO     Starting new HTTP connection (1): dadosabertos.rio.rj.gov.br
2015-07-29 08:59:15,348 requests.packages.urllib3.connectionpool INFO     Starting new HTTP connection (1): dadosabertos.rio.rj.gov.br
2015-07-29 08:59:35,420 requests.packages.urllib3.connectionpool INFO     Starting new HTTP connection (1): dadosabertos.rio.rj.gov.br
2015-07-29 08:59:55,492 requests.packages.urllib3.connectionpool INFO     Starting new HTTP connection (1): dadosabertos.rio.rj.gov.br
2015-07-29 09:00:15,563 requests.packages.urllib3.connectionpool INFO     Starting new HTTP connection (1): dadosabertos.rio.rj.gov.br
2015-07-29 09:00:35,638 requests.packages.urllib3.connectionpool INFO     Starting new HTTP connection (1): dadosabertos.rio.rj.gov.br
2015-07-29 09:00:55,719 requests.packages.urllib3.connectionpool INFO     Starting new HTTP connection (1): dadosabertos.rio.rj.gov.br
2015-07-29 09:01:15,803 requests.packages.urllib3.connectionpool INFO     Starting new HTTP connection (1): dadosabertos.rio.rj.gov.br
2015-07-29 09:01:35,874 requests.packages.urllib3.connectionpool INFO     Starting new HTTP connection (1): dadosabertos.rio.rj.gov.br
2015-07-29 09:01:55,964 requests.packages.urllib3.connectionpool INFO     Starting new HTTP connection (1): dadosabertos.rio.rj.gov.br
2015-07-29 09:02:16,041 requests.packages.urllib3.connectionpool INFO     Starting new HTTP connection (1): dadosabertos.rio.rj.gov.br
2015-07-29 09:02:36,115 requests.packages.urllib3.connectionpool INFO     Starting new HTTP connection (1): dadosabertos.rio.rj.gov.br
2015-07-29 09:02:56,196 requests.packages.urllib3.connectionpool INFO     Starting new HTTP connection (1): dadosabertos.rio.rj.gov.br
2015-07-29 09:03:16,256 requests.packages.urllib3.connectionpool INFO     Starting new HTTP connection (1): dadosabertos.rio.rj.gov.br
2015-07-29 09:03:36,341 requests.packages.urllib3.connectionpool INFO     Starting new HTTP connection (1): dadosabertos.rio.rj.gov.br
2015-07-29 09:03:56,430 requests.packages.urllib3.connectionpool INFO     Starting new HTTP connection (1): dadosabertos.rio.rj.gov.br
2015-07-29 09:04:36,586 requests.packages.urllib3.connectionpool INFO     Starting new HTTP connection (1): dadosabertos.rio.rj.gov.br
2015-07-29 09:05:01,252 requests.packages.urllib3.connectionpool INFO     Starting new HTTP connection (1): dadosabertos.rio.rj.gov.br
2015-07-29 09:05:21,377 requests.packages.urllib3.connectionpool INFO     Starting new HTTP connection (1): dadosabertos.rio.rj.gov.br
2015-07-29 09:05:41,475 requests.packages.urllib3.connectionpool INFO     Starting new HTTP connection (1): dadosabertos.rio.rj.gov.br
2015-07-29 09:06:01,545 requests.packages.urllib3.connectionpool INFO     Starting new HTTP connection (1): dadosabertos.rio.rj.gov.br
2015-07-29 09:06:21,701 requests.packages.urllib3.connectionpool INFO     Starting new HTTP connection (1): dadosabertos.rio.rj.gov.br
2015-07-29 09:06:41,802 requests.packages.urllib3.connectionpool INFO     Starting new HTTP connection (1): dadosabertos.rio.rj.gov.br
2015-07-29 09:07:01,877 requests.packages.urllib3.connectionpool INFO     Starting new HTTP connection (1): dadosabertos.rio.rj.gov.br
2015-07-29 09:07:21,960 requests.packages.urllib3.connectionpool INFO     Starting new HTTP connection (1): dadosabertos.rio.rj.gov.br
2015-07-29 09:07:42,028 requests.packages.urllib3.connectionpool INFO     Starting new HTTP connection (1): dadosabertos.rio.rj.gov.br
2015-07-29 09:08:02,098 requests.packages.urllib3.connectionpool INFO     Starting new HTTP connection (1): dadosabertos.rio.rj.gov.br
2015-07-29 09:08:22,183 requests.packages.urllib3.connectionpool INFO     Starting new HTTP connection (1): dadosabertos.rio.rj.gov.br
2015-07-29 09:08:42,253 requests.packages.urllib3.connectionpool INFO     Starting new HTTP connection (1): dadosabertos.rio.rj.gov.br
2015-07-29 09:09:02,329 requests.packages.urllib3.connectionpool INFO     Starting new HTTP connection (1): dadosabertos.rio.rj.gov.br
2015-07-29 09:09:22,400 requests.packages.urllib3.connectionpool INFO     Starting new HTTP connection (1): dadosabertos.rio.rj.gov.br
2015-07-29 09:09:42,479 requests.packages.urllib3.connectionpool INFO     Starting new HTTP connection (1): dadosabertos.rio.rj.gov.br
2015-07-29 09:10:02,556 requests.packages.urllib3.connectionpool INFO     Starting new HTTP connection (1): dadosabertos.rio.rj.gov.br
2015-07-29 09:10:22,621 requests.packages.urllib3.connectionpool INFO     Starting new HTTP connection (1): dadosabertos.rio.rj.gov.br
2015-07-29 09:10:42,697 requests.packages.urllib3.connectionpool INFO     Starting new HTTP connection (1): dadosabertos.rio.rj.gov.br
2015-07-29 09:11:02,771 requests.packages.urllib3.connectionpool INFO     Starting new HTTP connection (1): dadosabertos.rio.rj.gov.br
2015-07-29 09:11:22,846 requests.packages.urllib3.connectionpool INFO     Starting new HTTP connection (1): dadosabertos.rio.rj.gov.br
2015-07-29 09:11:42,916 requests.packages.urllib3.connectionpool INFO     Starting new HTTP connection (1): dadosabertos.rio.rj.gov.br
2015-07-29 09:12:02,986 requests.packages.urllib3.connectionpool INFO     Starting new HTTP connection (1): dadosabertos.rio.rj.gov.br
2015-07-29 09:12:23,071 requests.packages.urllib3.connectionpool INFO     Starting new HTTP connection (1): dadosabertos.rio.rj.gov.br
2015-07-29 09:12:43,142 requests.packages.urllib3.connectionpool INFO     Starting new HTTP connection (1): dadosabertos.rio.rj.gov.br
2015-07-29 09:38:27,784 root         INFO     Initiating a new process (TstDataLogger,http://dadosabertos.rio.rj.gov.br/apitransporte/apresentacao/csv/brt.cfm)
2015-07-29 09:38:27,787 root         INFO     Communication Manager __init__(TstDataLogger,True)
2015-07-29 09:38:27,787 root         INFO     Initiating communications.
2015-07-29 09:38:28,291 requests.packages.urllib3.connectionpool INFO     Starting new HTTP connection (1): dadosabertos.rio.rj.gov.br
2015-07-29 09:38:48,380 requests.packages.urllib3.connectionpool INFO     Starting new HTTP connection (1): dadosabertos.rio.rj.gov.br
2015-07-29 09:39:08,454 requests.packages.urllib3.connectionpool INFO     Starting new HTTP connection (1): dadosabertos.rio.rj.gov.br
2015-07-29 09:39:28,518 requests.packages.urllib3.connectionpool INFO     Starting new HTTP connection (1): dadosabertos.rio.rj.gov.br
2015-07-29 09:39:48,589 requests.packages.urllib3.connectionpool INFO     Starting new HTTP connection (1): dadosabertos.rio.rj.gov.br
2015-07-29 09:40:08,664 requests.packages.urllib3.connectionpool INFO     Starting new HTTP connection (1): dadosabertos.rio.rj.gov.br
2015-07-29 09:40:28,749 requests.packages.urllib3.connectionpool INFO     Starting new HTTP connection (1): dadosabertos.rio.rj.gov.br
2015-07-29 09:40:48,824 requests.packages.urllib3.connectionpool INFO     Starting new HTTP connection (1): dadosabertos.rio.rj.gov.br
2015-07-29 09:41:10,030 requests.packages.urllib3.connectionpool INFO     Starting new HTTP connection (1): dadosabertos.rio.rj.gov.br
2015-07-29 09:41:30,096 requests.packages.urllib3.connectionpool INFO     Starting new HTTP connection (1): dadosabertos.rio.rj.gov.br
2015-07-29 09:41:50,168 requests.packages.urllib3.connectionpool INFO     Starting new HTTP connection (1): dadosabertos.rio.rj.gov.br
2015-07-29 09:42:10,238 requests.packages.urllib3.connectionpool INFO     Starting new HTTP connection (1): dadosabertos.rio.rj.gov.br
2015-07-29 09:42:30,311 requests.packages.urllib3.connectionpool INFO     Starting new HTTP connection (1): dadosabertos.rio.rj.gov.br
2015-07-29 09:42:50,396 requests.packages.urllib3.connectionpool INFO     Starting new HTTP connection (1): dadosabertos.rio.rj.gov.br
2015-07-29 09:43:10,481 requests.packages.urllib3.connectionpool INFO     Starting new HTTP connection (1): dadosabertos.rio.rj.gov.br
2015-07-29 09:43:30,557 requests.packages.urllib3.connectionpool INFO     Starting new HTTP connection (1): dadosabertos.rio.rj.gov.br
2015-07-29 09:43:50,636 requests.packages.urllib3.connectionpool INFO     Starting new HTTP connection (1): dadosabertos.rio.rj.gov.br
2015-07-29 09:44:10,752 requests.packages.urllib3.connectionpool INFO     Starting new HTTP connection (1): dadosabertos.rio.rj.gov.br
2015-07-29 09:44:31,000 requests.packages.urllib3.connectionpool INFO     Starting new HTTP connection (1): dadosabertos.rio.rj.gov.br
2015-07-29 09:44:51,115 requests.packages.urllib3.connectionpool INFO     Starting new HTTP connection (1): dadosabertos.rio.rj.gov.br
2015-07-29 09:45:11,185 requests.packages.urllib3.connectionpool INFO     Starting new HTTP connection (1): dadosabertos.rio.rj.gov.br
2015-07-29 09:45:32,516 requests.packages.urllib3.connectionpool INFO     Starting new HTTP connection (1): dadosabertos.rio.rj.gov.br
2015-07-29 09:45:52,590 requests.packages.urllib3.connectionpool INFO     Starting new HTTP connection (1): dadosabertos.rio.rj.gov.br
2015-07-29 09:46:12,665 requests.packages.urllib3.connectionpool INFO     Starting new HTTP connection (1): dadosabertos.rio.rj.gov.br
2015-07-29 09:46:32,738 requests.packages.urllib3.connectionpool INFO     Starting new HTTP connection (1): dadosabertos.rio.rj.gov.br
2015-07-29 09:46:52,827 requests.packages.urllib3.connectionpool INFO     Starting new HTTP connection (1): dadosabertos.rio.rj.gov.br
2015-07-29 09:47:12,897 requests.packages.urllib3.connectionpool INFO     Starting new HTTP connection (1): dadosabertos.rio.rj.gov.br
2015-07-29 09:47:32,978 requests.packages.urllib3.connectionpool INFO     Starting new HTTP connection (1): dadosabertos.rio.rj.gov.br
2015-07-29 09:47:53,077 requests.packages.urllib3.connectionpool INFO     Starting new HTTP connection (1): dadosabertos.rio.rj.gov.br
2015-07-29 09:48:13,159 requests.packages.urllib3.connectionpool INFO     Starting new HTTP connection (1): dadosabertos.rio.rj.gov.br
2015-07-29 09:48:33,229 requests.packages.urllib3.connectionpool INFO     Starting new HTTP connection (1): dadosabertos.rio.rj.gov.br
2015-07-29 09:48:53,361 requests.packages.urllib3.connectionpool INFO     Starting new HTTP connection (1): dadosabertos.rio.rj.gov.br
2015-07-29 09:49:13,441 requests.packages.urllib3.connectionpool INFO     Starting new HTTP connection (1): dadosabertos.rio.rj.gov.br
2015-07-29 09:49:33,511 requests.packages.urllib3.connectionpool INFO     Starting new HTTP connection (1): dadosabertos.rio.rj.gov.br
2015-07-29 09:49:53,585 requests.packages.urllib3.connectionpool INFO     Starting new HTTP connection (1): dadosabertos.rio.rj.gov.br
2015-07-29 09:50:13,664 requests.packages.urllib3.connectionpool INFO     Starting new HTTP connection (1): dadosabertos.rio.rj.gov.br
2015-07-29 09:50:33,737 requests.packages.urllib3.connectionpool INFO     Starting new HTTP connection (1): dadosabertos.rio.rj.gov.br
2015-07-29 09:50:53,814 requests.packages.urllib3.connectionpool INFO     Starting new HTTP connection (1): dadosabertos.rio.rj.gov.br
2015-07-29 09:51:13,895 requests.packages.urllib3.connectionpool INFO     Starting new HTTP connection (1): dadosabertos.rio.rj.gov.br
2015-07-29 09:51:33,978 requests.packages.urllib3.connectionpool INFO     Starting new HTTP connection (1): dadosabertos.rio.rj.gov.br
2015-07-29 09:51:43,992 root         ERROR    Timeout - the server timedout
2015-07-29 09:51:43,993 root         ERROR    HTTPConnectionPool(host='dadosabertos.rio.rj.gov.br', port=80): Read timed out. (read timeout=10.0)
2015-07-29 09:52:03,999 requests.packages.urllib3.connectionpool INFO     Starting new HTTP connection (1): dadosabertos.rio.rj.gov.br
2015-07-29 09:52:24,079 requests.packages.urllib3.connectionpool INFO     Starting new HTTP connection (1): dadosabertos.rio.rj.gov.br
2015-07-29 09:52:44,151 requests.packages.urllib3.connectionpool INFO     Starting new HTTP connection (1): dadosabertos.rio.rj.gov.br
2015-07-29 09:53:04,226 requests.packages.urllib3.connectionpool INFO     Starting new HTTP connection (1): dadosabertos.rio.rj.gov.br
2015-07-29 09:53:24,314 requests.packages.urllib3.connectionpool INFO     Starting new HTTP connection (1): dadosabertos.rio.rj.gov.br
2015-07-29 09:53:44,382 requests.packages.urllib3.connectionpool INFO     Starting new HTTP connection (1): dadosabertos.rio.rj.gov.br
2015-07-29 09:54:04,453 requests.packages.urllib3.connectionpool INFO     Starting new HTTP connection (1): dadosabertos.rio.rj.gov.br
2015-07-29 09:54:25,528 requests.packages.urllib3.connectionpool INFO     Starting new HTTP connection (1): dadosabertos.rio.rj.gov.br
2015-07-29 09:54:45,615 requests.packages.urllib3.connectionpool INFO     Starting new HTTP connection (1): dadosabertos.rio.rj.gov.br
2015-07-29 09:55:05,688 requests.packages.urllib3.connectionpool INFO     Starting new HTTP connection (1): dadosabertos.rio.rj.gov.br
2015-07-29 09:55:25,769 requests.packages.urllib3.connectionpool INFO     Starting new HTTP connection (1): dadosabertos.rio.rj.gov.br
2015-07-29 09:55:45,839 requests.packages.urllib3.connectionpool INFO     Starting new HTTP connection (1): dadosabertos.rio.rj.gov.br
2015-07-29 09:56:05,914 requests.packages.urllib3.connectionpool INFO     Starting new HTTP connection (1): dadosabertos.rio.rj.gov.br
